{"C:\\Users\\saija\\fullstack_part5\\src\\App.js": {"path":"C:\\Users\\saija\\fullstack_part5\\src\\App.js","statementMap":{"0":{"start":{"line":11,"column":12},"end":{"line":163,"column":1}},"1":{"start":{"line":12,"column":28},"end":{"line":12,"column":40}},"2":{"start":{"line":13,"column":26},"end":{"line":13,"column":40}},"3":{"start":{"line":14,"column":32},"end":{"line":14,"column":46}},"4":{"start":{"line":15,"column":42},"end":{"line":15,"column":56}},"5":{"start":{"line":16,"column":22},"end":{"line":16,"column":30}},"6":{"start":{"line":19,"column":2},"end":{"line":24,"column":8}},"7":{"start":{"line":20,"column":4},"end":{"line":23,"column":7}},"8":{"start":{"line":22,"column":8},"end":{"line":22,"column":23}},"9":{"start":{"line":26,"column":2},"end":{"line":33,"column":8}},"10":{"start":{"line":27,"column":27},"end":{"line":27,"column":75}},"11":{"start":{"line":28,"column":4},"end":{"line":32,"column":5}},"12":{"start":{"line":29,"column":19},"end":{"line":29,"column":45}},"13":{"start":{"line":30,"column":6},"end":{"line":30,"column":19}},"14":{"start":{"line":31,"column":6},"end":{"line":31,"column":38}},"15":{"start":{"line":35,"column":16},"end":{"line":59,"column":3}},"16":{"start":{"line":36,"column":4},"end":{"line":36,"column":22}},"17":{"start":{"line":37,"column":4},"end":{"line":37,"column":32}},"18":{"start":{"line":39,"column":4},"end":{"line":58,"column":5}},"19":{"start":{"line":40,"column":23},"end":{"line":42,"column":8}},"20":{"start":{"line":44,"column":6},"end":{"line":46,"column":7}},"21":{"start":{"line":48,"column":6},"end":{"line":48,"column":42}},"22":{"start":{"line":49,"column":6},"end":{"line":49,"column":23}},"23":{"start":{"line":52,"column":6},"end":{"line":52,"column":40}},"24":{"start":{"line":54,"column":6},"end":{"line":54,"column":43}},"25":{"start":{"line":55,"column":6},"end":{"line":57,"column":14}},"26":{"start":{"line":56,"column":8},"end":{"line":56,"column":29}},"27":{"start":{"line":61,"column":17},"end":{"line":66,"column":3}},"28":{"start":{"line":62,"column":4},"end":{"line":62,"column":22}},"29":{"start":{"line":63,"column":4},"end":{"line":63,"column":34}},"30":{"start":{"line":64,"column":4},"end":{"line":64,"column":17}},"31":{"start":{"line":65,"column":4},"end":{"line":65,"column":31}},"32":{"start":{"line":68,"column":21},"end":{"line":93,"column":3}},"33":{"start":{"line":69,"column":4},"end":{"line":69,"column":38}},"34":{"start":{"line":70,"column":4},"end":{"line":92,"column":5}},"35":{"start":{"line":71,"column":19},"end":{"line":71,"column":52}},"36":{"start":{"line":72,"column":6},"end":{"line":72,"column":35}},"37":{"start":{"line":74,"column":6},"end":{"line":83,"column":7}},"38":{"start":{"line":75,"column":8},"end":{"line":75,"column":46}},"39":{"start":{"line":76,"column":25},"end":{"line":76,"column":41}},"40":{"start":{"line":77,"column":8},"end":{"line":77,"column":26}},"41":{"start":{"line":78,"column":8},"end":{"line":78,"column":70}},"42":{"start":{"line":80,"column":8},"end":{"line":82,"column":16}},"43":{"start":{"line":81,"column":10},"end":{"line":81,"column":26}},"44":{"start":{"line":86,"column":6},"end":{"line":86,"column":62}},"45":{"start":{"line":88,"column":6},"end":{"line":88,"column":66}},"46":{"start":{"line":89,"column":6},"end":{"line":91,"column":14}},"47":{"start":{"line":90,"column":8},"end":{"line":90,"column":29}},"48":{"start":{"line":95,"column":24},"end":{"line":114,"column":3}},"49":{"start":{"line":96,"column":4},"end":{"line":113,"column":5}},"50":{"start":{"line":97,"column":27},"end":{"line":97,"column":66}},"51":{"start":{"line":99,"column":6},"end":{"line":104,"column":7}},"52":{"start":{"line":100,"column":8},"end":{"line":100,"column":39}},"53":{"start":{"line":101,"column":8},"end":{"line":101,"column":45}},"54":{"start":{"line":103,"column":8},"end":{"line":103,"column":83}},"55":{"start":{"line":103,"column":35},"end":{"line":103,"column":81}},"56":{"start":{"line":107,"column":6},"end":{"line":107,"column":60}},"57":{"start":{"line":109,"column":6},"end":{"line":109,"column":59}},"58":{"start":{"line":110,"column":6},"end":{"line":112,"column":14}},"59":{"start":{"line":111,"column":8},"end":{"line":111,"column":29}},"60":{"start":{"line":116,"column":21},"end":{"line":131,"column":3}},"61":{"start":{"line":117,"column":4},"end":{"line":129,"column":5}},"62":{"start":{"line":118,"column":6},"end":{"line":118,"column":34}},"63":{"start":{"line":119,"column":6},"end":{"line":119,"column":52}},"64":{"start":{"line":119,"column":36},"end":{"line":119,"column":50}},"65":{"start":{"line":123,"column":6},"end":{"line":123,"column":61}},"66":{"start":{"line":125,"column":6},"end":{"line":125,"column":60}},"67":{"start":{"line":126,"column":6},"end":{"line":128,"column":14}},"68":{"start":{"line":127,"column":8},"end":{"line":127,"column":29}},"69":{"start":{"line":133,"column":2},"end":{"line":140,"column":3}},"70":{"start":{"line":134,"column":4},"end":{"line":139,"column":5}},"71":{"start":{"line":142,"column":2},"end":{"line":162,"column":3}},"72":{"start":{"line":148,"column":55},"end":{"line":148,"column":64}},"73":{"start":{"line":153,"column":28},"end":{"line":153,"column":45}},"74":{"start":{"line":154,"column":8},"end":{"line":159,"column":23}}},"fnMap":{"0":{"name":"(anonymous_0)","decl":{"start":{"line":11,"column":12},"end":{"line":11,"column":13}},"loc":{"start":{"line":11,"column":18},"end":{"line":163,"column":1}},"line":11},"1":{"name":"(anonymous_1)","decl":{"start":{"line":19,"column":12},"end":{"line":19,"column":13}},"loc":{"start":{"line":19,"column":18},"end":{"line":24,"column":3}},"line":19},"2":{"name":"(anonymous_2)","decl":{"start":{"line":21,"column":12},"end":{"line":21,"column":13}},"loc":{"start":{"line":22,"column":8},"end":{"line":22,"column":23}},"line":22},"3":{"name":"(anonymous_3)","decl":{"start":{"line":26,"column":12},"end":{"line":26,"column":13}},"loc":{"start":{"line":26,"column":18},"end":{"line":33,"column":3}},"line":26},"4":{"name":"(anonymous_4)","decl":{"start":{"line":35,"column":16},"end":{"line":35,"column":17}},"loc":{"start":{"line":35,"column":49},"end":{"line":59,"column":3}},"line":35},"5":{"name":"(anonymous_5)","decl":{"start":{"line":55,"column":17},"end":{"line":55,"column":18}},"loc":{"start":{"line":55,"column":23},"end":{"line":57,"column":7}},"line":55},"6":{"name":"(anonymous_6)","decl":{"start":{"line":61,"column":17},"end":{"line":61,"column":18}},"loc":{"start":{"line":61,"column":24},"end":{"line":66,"column":3}},"line":61},"7":{"name":"(anonymous_7)","decl":{"start":{"line":68,"column":21},"end":{"line":68,"column":22}},"loc":{"start":{"line":68,"column":40},"end":{"line":93,"column":3}},"line":68},"8":{"name":"(anonymous_8)","decl":{"start":{"line":80,"column":19},"end":{"line":80,"column":20}},"loc":{"start":{"line":80,"column":25},"end":{"line":82,"column":9}},"line":80},"9":{"name":"(anonymous_9)","decl":{"start":{"line":89,"column":17},"end":{"line":89,"column":18}},"loc":{"start":{"line":89,"column":23},"end":{"line":91,"column":7}},"line":89},"10":{"name":"(anonymous_10)","decl":{"start":{"line":95,"column":24},"end":{"line":95,"column":25}},"loc":{"start":{"line":95,"column":49},"end":{"line":114,"column":3}},"line":95},"11":{"name":"(anonymous_11)","decl":{"start":{"line":103,"column":27},"end":{"line":103,"column":28}},"loc":{"start":{"line":103,"column":35},"end":{"line":103,"column":81}},"line":103},"12":{"name":"(anonymous_12)","decl":{"start":{"line":110,"column":17},"end":{"line":110,"column":18}},"loc":{"start":{"line":110,"column":23},"end":{"line":112,"column":7}},"line":110},"13":{"name":"(anonymous_13)","decl":{"start":{"line":116,"column":21},"end":{"line":116,"column":22}},"loc":{"start":{"line":116,"column":35},"end":{"line":131,"column":3}},"line":116},"14":{"name":"(anonymous_14)","decl":{"start":{"line":119,"column":28},"end":{"line":119,"column":29}},"loc":{"start":{"line":119,"column":36},"end":{"line":119,"column":50}},"line":119},"15":{"name":"(anonymous_15)","decl":{"start":{"line":126,"column":17},"end":{"line":126,"column":18}},"loc":{"start":{"line":126,"column":23},"end":{"line":128,"column":7}},"line":126},"16":{"name":"(anonymous_16)","decl":{"start":{"line":148,"column":48},"end":{"line":148,"column":49}},"loc":{"start":{"line":148,"column":55},"end":{"line":148,"column":64}},"line":148},"17":{"name":"(anonymous_17)","decl":{"start":{"line":153,"column":18},"end":{"line":153,"column":19}},"loc":{"start":{"line":153,"column":28},"end":{"line":153,"column":45}},"line":153},"18":{"name":"(anonymous_18)","decl":{"start":{"line":153,"column":51},"end":{"line":153,"column":52}},"loc":{"start":{"line":154,"column":8},"end":{"line":159,"column":23}},"line":154}},"branchMap":{"0":{"loc":{"start":{"line":28,"column":4},"end":{"line":32,"column":5}},"type":"if","locations":[{"start":{"line":28,"column":4},"end":{"line":32,"column":5}},{"start":{},"end":{}}],"line":28},"1":{"loc":{"start":{"line":74,"column":6},"end":{"line":83,"column":7}},"type":"if","locations":[{"start":{"line":74,"column":6},"end":{"line":83,"column":7}},{"start":{},"end":{}}],"line":74},"2":{"loc":{"start":{"line":99,"column":6},"end":{"line":104,"column":7}},"type":"if","locations":[{"start":{"line":99,"column":6},"end":{"line":104,"column":7}},{"start":{},"end":{}}],"line":99},"3":{"loc":{"start":{"line":103,"column":35},"end":{"line":103,"column":81}},"type":"cond-expr","locations":[{"start":{"line":103,"column":65},"end":{"line":103,"column":74}},{"start":{"line":103,"column":77},"end":{"line":103,"column":81}}],"line":103},"4":{"loc":{"start":{"line":133,"column":2},"end":{"line":140,"column":3}},"type":"if","locations":[{"start":{"line":133,"column":2},"end":{"line":140,"column":3}},{"start":{},"end":{}}],"line":133}},"s":{"0":0,"1":0,"2":0,"3":0,"4":0,"5":0,"6":0,"7":0,"8":0,"9":0,"10":0,"11":0,"12":0,"13":0,"14":0,"15":0,"16":0,"17":0,"18":0,"19":0,"20":0,"21":0,"22":0,"23":0,"24":0,"25":0,"26":0,"27":0,"28":0,"29":0,"30":0,"31":0,"32":0,"33":0,"34":0,"35":0,"36":0,"37":0,"38":0,"39":0,"40":0,"41":0,"42":0,"43":0,"44":0,"45":0,"46":0,"47":0,"48":0,"49":0,"50":0,"51":0,"52":0,"53":0,"54":0,"55":0,"56":0,"57":0,"58":0,"59":0,"60":0,"61":0,"62":0,"63":0,"64":0,"65":0,"66":0,"67":0,"68":0,"69":0,"70":0,"71":0,"72":0,"73":0,"74":0},"f":{"0":0,"1":0,"2":0,"3":0,"4":0,"5":0,"6":0,"7":0,"8":0,"9":0,"10":0,"11":0,"12":0,"13":0,"14":0,"15":0,"16":0,"17":0,"18":0},"b":{"0":[0,0],"1":[0,0],"2":[0,0],"3":[0,0],"4":[0,0]}}
,"C:\\Users\\saija\\fullstack_part5\\src\\index.js": {"path":"C:\\Users\\saija\\fullstack_part5\\src\\index.js","statementMap":{"0":{"start":{"line":6,"column":0},"end":{"line":6,"column":68}}},"fnMap":{},"branchMap":{},"s":{"0":0},"f":{},"b":{}}
,"C:\\Users\\saija\\fullstack_part5\\src\\components\\Blog.js": {"path":"C:\\Users\\saija\\fullstack_part5\\src\\components\\Blog.js","statementMap":{"0":{"start":{"line":3,"column":13},"end":{"line":77,"column":1}},"1":{"start":{"line":7,"column":20},"end":{"line":13,"column":3}},"2":{"start":{"line":15,"column":36},"end":{"line":15,"column":51}},"3":{"start":{"line":17,"column":27},"end":{"line":19,"column":3}},"4":{"start":{"line":18,"column":4},"end":{"line":18,"column":28}},"5":{"start":{"line":21,"column":19},"end":{"line":34,"column":3}},"6":{"start":{"line":22,"column":4},"end":{"line":22,"column":22}},"7":{"start":{"line":24,"column":22},"end":{"line":31,"column":5}},"8":{"start":{"line":33,"column":4},"end":{"line":33,"column":37}},"9":{"start":{"line":36,"column":23},"end":{"line":42,"column":3}},"10":{"start":{"line":37,"column":4},"end":{"line":37,"column":22}},"11":{"start":{"line":38,"column":19},"end":{"line":38,"column":82}},"12":{"start":{"line":39,"column":4},"end":{"line":41,"column":5}},"13":{"start":{"line":40,"column":6},"end":{"line":40,"column":25}},"14":{"start":{"line":44,"column":2},"end":{"line":76,"column":3}}},"fnMap":{"0":{"name":"(anonymous_0)","decl":{"start":{"line":3,"column":13},"end":{"line":3,"column":14}},"loc":{"start":{"line":3,"column":60},"end":{"line":77,"column":1}},"line":3},"1":{"name":"(anonymous_1)","decl":{"start":{"line":17,"column":27},"end":{"line":17,"column":28}},"loc":{"start":{"line":17,"column":33},"end":{"line":19,"column":3}},"line":17},"2":{"name":"(anonymous_2)","decl":{"start":{"line":21,"column":19},"end":{"line":21,"column":20}},"loc":{"start":{"line":21,"column":26},"end":{"line":34,"column":3}},"line":21},"3":{"name":"(anonymous_3)","decl":{"start":{"line":36,"column":23},"end":{"line":36,"column":24}},"loc":{"start":{"line":36,"column":30},"end":{"line":42,"column":3}},"line":36}},"branchMap":{"0":{"loc":{"start":{"line":39,"column":4},"end":{"line":41,"column":5}},"type":"if","locations":[{"start":{"line":39,"column":4},"end":{"line":41,"column":5}},{"start":{},"end":{}}],"line":39},"1":{"loc":{"start":{"line":46,"column":7},"end":{"line":73,"column":14}},"type":"cond-expr","locations":[{"start":{"line":47,"column":8},"end":{"line":50,"column":14}},{"start":{"line":52,"column":8},"end":{"line":73,"column":14}}],"line":46},"2":{"loc":{"start":{"line":67,"column":13},"end":{"line":70,"column":16}},"type":"cond-expr","locations":[{"start":{"line":68,"column":14},"end":{"line":68,"column":65}},{"start":{"line":70,"column":14},"end":{"line":70,"column":16}}],"line":67}},"s":{"0":2,"1":5,"2":5,"3":5,"4":2,"5":5,"6":2,"7":2,"8":2,"9":5,"10":0,"11":0,"12":0,"13":0,"14":5},"f":{"0":5,"1":2,"2":2,"3":0},"b":{"0":[0,0],"1":[3,2],"2":[0,2]},"_coverageSchema":"1a1c01bbd47fc00a2c39e90264f33305004495a9","hash":"4f7041fda38666acfd7d07365b40e0dbae39eade"}
,"C:\\Users\\saija\\fullstack_part5\\src\\components\\ErrorNotification.js": {"path":"C:\\Users\\saija\\fullstack_part5\\src\\components\\ErrorNotification.js","statementMap":{"0":{"start":{"line":1,"column":26},"end":{"line":11,"column":1}},"1":{"start":{"line":2,"column":2},"end":{"line":4,"column":3}},"2":{"start":{"line":3,"column":4},"end":{"line":3,"column":15}},"3":{"start":{"line":6,"column":2},"end":{"line":10,"column":3}}},"fnMap":{"0":{"name":"(anonymous_0)","decl":{"start":{"line":1,"column":26},"end":{"line":1,"column":27}},"loc":{"start":{"line":1,"column":48},"end":{"line":11,"column":1}},"line":1}},"branchMap":{"0":{"loc":{"start":{"line":2,"column":2},"end":{"line":4,"column":3}},"type":"if","locations":[{"start":{"line":2,"column":2},"end":{"line":4,"column":3}},{"start":{},"end":{}}],"line":2}},"s":{"0":0,"1":0,"2":0,"3":0},"f":{"0":0},"b":{"0":[0,0]}}
,"C:\\Users\\saija\\fullstack_part5\\src\\components\\LoginForm.js": {"path":"C:\\Users\\saija\\fullstack_part5\\src\\components\\LoginForm.js","statementMap":{"0":{"start":{"line":4,"column":18},"end":{"line":33,"column":1}},"1":{"start":{"line":5,"column":34},"end":{"line":5,"column":46}},"2":{"start":{"line":6,"column":34},"end":{"line":6,"column":46}},"3":{"start":{"line":8,"column":2},"end":{"line":32,"column":3}},"4":{"start":{"line":12,"column":29},"end":{"line":12,"column":57}},"5":{"start":{"line":18,"column":38},"end":{"line":18,"column":63}},"6":{"start":{"line":25,"column":38},"end":{"line":25,"column":63}}},"fnMap":{"0":{"name":"(anonymous_0)","decl":{"start":{"line":4,"column":18},"end":{"line":4,"column":19}},"loc":{"start":{"line":4,"column":33},"end":{"line":33,"column":1}},"line":4},"1":{"name":"(anonymous_1)","decl":{"start":{"line":12,"column":22},"end":{"line":12,"column":23}},"loc":{"start":{"line":12,"column":29},"end":{"line":12,"column":57}},"line":12},"2":{"name":"(anonymous_2)","decl":{"start":{"line":18,"column":22},"end":{"line":18,"column":23}},"loc":{"start":{"line":18,"column":38},"end":{"line":18,"column":63}},"line":18},"3":{"name":"(anonymous_3)","decl":{"start":{"line":25,"column":22},"end":{"line":25,"column":23}},"loc":{"start":{"line":25,"column":38},"end":{"line":25,"column":63}},"line":25}},"branchMap":{},"s":{"0":0,"1":0,"2":0,"3":0,"4":0,"5":0,"6":0},"f":{"0":0,"1":0,"2":0,"3":0},"b":{}}
,"C:\\Users\\saija\\fullstack_part5\\src\\components\\NewBlogForm.js": {"path":"C:\\Users\\saija\\fullstack_part5\\src\\components\\NewBlogForm.js","statementMap":{"0":{"start":{"line":3,"column":20},"end":{"line":56,"column":1}},"1":{"start":{"line":5,"column":29},"end":{"line":5,"column":41}},"2":{"start":{"line":6,"column":31},"end":{"line":6,"column":43}},"3":{"start":{"line":7,"column":25},"end":{"line":7,"column":37}},"4":{"start":{"line":9,"column":20},"end":{"line":20,"column":3}},"5":{"start":{"line":10,"column":4},"end":{"line":10,"column":22}},"6":{"start":{"line":11,"column":20},"end":{"line":15,"column":5}},"7":{"start":{"line":16,"column":4},"end":{"line":16,"column":23}},"8":{"start":{"line":17,"column":4},"end":{"line":17,"column":16}},"9":{"start":{"line":18,"column":4},"end":{"line":18,"column":17}},"10":{"start":{"line":19,"column":4},"end":{"line":19,"column":14}},"11":{"start":{"line":22,"column":2},"end":{"line":55,"column":3}},"12":{"start":{"line":23,"column":27},"end":{"line":23,"column":59}},"13":{"start":{"line":30,"column":27},"end":{"line":30,"column":51}},"14":{"start":{"line":38,"column":27},"end":{"line":38,"column":52}},"15":{"start":{"line":46,"column":27},"end":{"line":46,"column":49}}},"fnMap":{"0":{"name":"(anonymous_0)","decl":{"start":{"line":3,"column":20},"end":{"line":3,"column":21}},"loc":{"start":{"line":3,"column":40},"end":{"line":56,"column":1}},"line":3},"1":{"name":"(anonymous_1)","decl":{"start":{"line":9,"column":20},"end":{"line":9,"column":21}},"loc":{"start":{"line":9,"column":47},"end":{"line":20,"column":3}},"line":9},"2":{"name":"(anonymous_2)","decl":{"start":{"line":23,"column":20},"end":{"line":23,"column":21}},"loc":{"start":{"line":23,"column":27},"end":{"line":23,"column":59}},"line":23},"3":{"name":"(anonymous_3)","decl":{"start":{"line":30,"column":20},"end":{"line":30,"column":21}},"loc":{"start":{"line":30,"column":27},"end":{"line":30,"column":51}},"line":30},"4":{"name":"(anonymous_4)","decl":{"start":{"line":38,"column":20},"end":{"line":38,"column":21}},"loc":{"start":{"line":38,"column":27},"end":{"line":38,"column":52}},"line":38},"5":{"name":"(anonymous_5)","decl":{"start":{"line":46,"column":20},"end":{"line":46,"column":21}},"loc":{"start":{"line":46,"column":27},"end":{"line":46,"column":49}},"line":46}},"branchMap":{},"s":{"0":1,"1":40,"2":40,"3":40,"4":40,"5":1,"6":1,"7":1,"8":1,"9":1,"10":1,"11":40,"12":1,"13":13,"14":14,"15":11},"f":{"0":40,"1":1,"2":1,"3":13,"4":14,"5":11},"b":{},"_coverageSchema":"1a1c01bbd47fc00a2c39e90264f33305004495a9","hash":"146baea7601491012e820f85a6af57d959aff470"}
,"C:\\Users\\saija\\fullstack_part5\\src\\components\\Notification.js": {"path":"C:\\Users\\saija\\fullstack_part5\\src\\components\\Notification.js","statementMap":{"0":{"start":{"line":2,"column":21},"end":{"line":12,"column":1}},"1":{"start":{"line":3,"column":2},"end":{"line":5,"column":3}},"2":{"start":{"line":4,"column":4},"end":{"line":4,"column":15}},"3":{"start":{"line":7,"column":2},"end":{"line":11,"column":3}}},"fnMap":{"0":{"name":"(anonymous_0)","decl":{"start":{"line":2,"column":21},"end":{"line":2,"column":22}},"loc":{"start":{"line":2,"column":38},"end":{"line":12,"column":1}},"line":2}},"branchMap":{"0":{"loc":{"start":{"line":3,"column":2},"end":{"line":5,"column":3}},"type":"if","locations":[{"start":{"line":3,"column":2},"end":{"line":5,"column":3}},{"start":{},"end":{}}],"line":3}},"s":{"0":0,"1":0,"2":0,"3":0},"f":{"0":0},"b":{"0":[0,0]}}
,"C:\\Users\\saija\\fullstack_part5\\src\\components\\Togglable.js": {"path":"C:\\Users\\saija\\fullstack_part5\\src\\components\\Togglable.js","statementMap":{"0":{"start":{"line":4,"column":18},"end":{"line":31,"column":2}},"1":{"start":{"line":5,"column":32},"end":{"line":5,"column":47}},"2":{"start":{"line":7,"column":26},"end":{"line":7,"column":60}},"3":{"start":{"line":8,"column":26},"end":{"line":8,"column":60}},"4":{"start":{"line":10,"column":27},"end":{"line":12,"column":3}},"5":{"start":{"line":11,"column":4},"end":{"line":11,"column":24}},"6":{"start":{"line":14,"column":2},"end":{"line":18,"column":4}},"7":{"start":{"line":15,"column":4},"end":{"line":17,"column":5}},"8":{"start":{"line":20,"column":2},"end":{"line":30,"column":3}},"9":{"start":{"line":33,"column":0},"end":{"line":35,"column":1}},"10":{"start":{"line":37,"column":0},"end":{"line":37,"column":35}}},"fnMap":{"0":{"name":"(anonymous_0)","decl":{"start":{"line":4,"column":29},"end":{"line":4,"column":30}},"loc":{"start":{"line":4,"column":45},"end":{"line":31,"column":1}},"line":4},"1":{"name":"(anonymous_1)","decl":{"start":{"line":10,"column":27},"end":{"line":10,"column":28}},"loc":{"start":{"line":10,"column":33},"end":{"line":12,"column":3}},"line":10},"2":{"name":"(anonymous_2)","decl":{"start":{"line":14,"column":27},"end":{"line":14,"column":28}},"loc":{"start":{"line":14,"column":33},"end":{"line":18,"column":3}},"line":14}},"branchMap":{"0":{"loc":{"start":{"line":7,"column":37},"end":{"line":7,"column":58}},"type":"cond-expr","locations":[{"start":{"line":7,"column":47},"end":{"line":7,"column":53}},{"start":{"line":7,"column":56},"end":{"line":7,"column":58}}],"line":7},"1":{"loc":{"start":{"line":8,"column":37},"end":{"line":8,"column":58}},"type":"cond-expr","locations":[{"start":{"line":8,"column":47},"end":{"line":8,"column":49}},{"start":{"line":8,"column":52},"end":{"line":8,"column":58}}],"line":8}},"s":{"0":0,"1":0,"2":0,"3":0,"4":0,"5":0,"6":0,"7":0,"8":0,"9":0,"10":0},"f":{"0":0,"1":0,"2":0},"b":{"0":[0,0],"1":[0,0]}}
,"C:\\Users\\saija\\fullstack_part5\\src\\services\\blogs.js": {"path":"C:\\Users\\saija\\fullstack_part5\\src\\services\\blogs.js","statementMap":{"0":{"start":{"line":2,"column":16},"end":{"line":2,"column":28}},"1":{"start":{"line":4,"column":12},"end":{"line":4,"column":16}},"2":{"start":{"line":5,"column":17},"end":{"line":7,"column":1}},"3":{"start":{"line":6,"column":2},"end":{"line":6,"column":30}},"4":{"start":{"line":9,"column":15},"end":{"line":12,"column":1}},"5":{"start":{"line":10,"column":18},"end":{"line":10,"column":36}},"6":{"start":{"line":11,"column":2},"end":{"line":11,"column":48}},"7":{"start":{"line":11,"column":34},"end":{"line":11,"column":47}},"8":{"start":{"line":14,"column":15},"end":{"line":21,"column":1}},"9":{"start":{"line":15,"column":17},"end":{"line":17,"column":3}},"10":{"start":{"line":18,"column":19},"end":{"line":18,"column":63}},"11":{"start":{"line":20,"column":2},"end":{"line":20,"column":22}},"12":{"start":{"line":23,"column":15},"end":{"line":27,"column":1}},"13":{"start":{"line":24,"column":19},"end":{"line":24,"column":65}},"14":{"start":{"line":26,"column":2},"end":{"line":26,"column":22}},"15":{"start":{"line":29,"column":15},"end":{"line":32,"column":1}},"16":{"start":{"line":30,"column":19},"end":{"line":30,"column":57}},"17":{"start":{"line":31,"column":2},"end":{"line":31,"column":22}}},"fnMap":{"0":{"name":"(anonymous_0)","decl":{"start":{"line":5,"column":17},"end":{"line":5,"column":18}},"loc":{"start":{"line":5,"column":29},"end":{"line":7,"column":1}},"line":5},"1":{"name":"(anonymous_1)","decl":{"start":{"line":9,"column":15},"end":{"line":9,"column":16}},"loc":{"start":{"line":9,"column":21},"end":{"line":12,"column":1}},"line":9},"2":{"name":"(anonymous_2)","decl":{"start":{"line":11,"column":22},"end":{"line":11,"column":23}},"loc":{"start":{"line":11,"column":34},"end":{"line":11,"column":47}},"line":11},"3":{"name":"(anonymous_3)","decl":{"start":{"line":14,"column":15},"end":{"line":14,"column":16}},"loc":{"start":{"line":14,"column":34},"end":{"line":21,"column":1}},"line":14},"4":{"name":"(anonymous_4)","decl":{"start":{"line":23,"column":15},"end":{"line":23,"column":16}},"loc":{"start":{"line":23,"column":40},"end":{"line":27,"column":1}},"line":23},"5":{"name":"(anonymous_5)","decl":{"start":{"line":29,"column":15},"end":{"line":29,"column":16}},"loc":{"start":{"line":29,"column":29},"end":{"line":32,"column":1}},"line":29}},"branchMap":{},"s":{"0":0,"1":0,"2":0,"3":0,"4":0,"5":0,"6":0,"7":0,"8":0,"9":0,"10":0,"11":0,"12":0,"13":0,"14":0,"15":0,"16":0,"17":0},"f":{"0":0,"1":0,"2":0,"3":0,"4":0,"5":0},"b":{}}
,"C:\\Users\\saija\\fullstack_part5\\src\\services\\login.js": {"path":"C:\\Users\\saija\\fullstack_part5\\src\\services\\login.js","statementMap":{"0":{"start":{"line":2,"column":16},"end":{"line":2,"column":28}},"1":{"start":{"line":4,"column":14},"end":{"line":7,"column":1}},"2":{"start":{"line":5,"column":19},"end":{"line":5,"column":57}},"3":{"start":{"line":6,"column":2},"end":{"line":6,"column":22}}},"fnMap":{"0":{"name":"(anonymous_0)","decl":{"start":{"line":4,"column":14},"end":{"line":4,"column":15}},"loc":{"start":{"line":4,"column":35},"end":{"line":7,"column":1}},"line":4}},"branchMap":{},"s":{"0":0,"1":0,"2":0,"3":0},"f":{"0":0},"b":{}}
}
